CRITICAL - 2021-06-04 06:39:28 --> http_build_query(): Argument #1 ($data) must be of type array, string given
#0 C:\xampp\htdocs\guyubmoto\app\Libraries\Curl_api.php(115): http_build_query('')
#1 C:\xampp\htdocs\guyubmoto\app\Controllers\Curl\Api_handler.php(68): App\Libraries\Curl_api->exec()
#2 C:\xampp\htdocs\guyubmoto\vendor\codeigniter4\framework\system\CodeIgniter.php(931): App\Controllers\Curl\Api_handler->post()
#3 C:\xampp\htdocs\guyubmoto\vendor\codeigniter4\framework\system\CodeIgniter.php(439): CodeIgniter\CodeIgniter->runController(Object(App\Controllers\Curl\Api_handler))
#4 C:\xampp\htdocs\guyubmoto\vendor\codeigniter4\framework\system\CodeIgniter.php(339): CodeIgniter\CodeIgniter->handleRequest(NULL, Object(Config\Cache), false)
#5 C:\xampp\htdocs\guyubmoto\public\index.php(36): CodeIgniter\CodeIgniter->run()
#6 {main}
CRITICAL - 2021-06-04 06:41:01 --> http_build_query(): Argument #1 ($data) must be of type array, string given
#0 C:\xampp\htdocs\guyubmoto\app\Libraries\Curl_api.php(115): http_build_query('')
#1 C:\xampp\htdocs\guyubmoto\app\Controllers\Curl\Api_handler.php(68): App\Libraries\Curl_api->exec()
#2 C:\xampp\htdocs\guyubmoto\vendor\codeigniter4\framework\system\CodeIgniter.php(931): App\Controllers\Curl\Api_handler->post()
#3 C:\xampp\htdocs\guyubmoto\vendor\codeigniter4\framework\system\CodeIgniter.php(439): CodeIgniter\CodeIgniter->runController(Object(App\Controllers\Curl\Api_handler))
#4 C:\xampp\htdocs\guyubmoto\vendor\codeigniter4\framework\system\CodeIgniter.php(339): CodeIgniter\CodeIgniter->handleRequest(NULL, Object(Config\Cache), false)
#5 C:\xampp\htdocs\guyubmoto\public\index.php(36): CodeIgniter\CodeIgniter->run()
#6 {main}
CRITICAL - 2021-06-04 06:41:33 --> http_build_query(): Argument #1 ($data) must be of type array, string given
#0 C:\xampp\htdocs\guyubmoto\app\Libraries\Curl_api.php(115): http_build_query('')
#1 C:\xampp\htdocs\guyubmoto\app\Controllers\Curl\Api_handler.php(68): App\Libraries\Curl_api->exec()
#2 C:\xampp\htdocs\guyubmoto\vendor\codeigniter4\framework\system\CodeIgniter.php(931): App\Controllers\Curl\Api_handler->post()
#3 C:\xampp\htdocs\guyubmoto\vendor\codeigniter4\framework\system\CodeIgniter.php(439): CodeIgniter\CodeIgniter->runController(Object(App\Controllers\Curl\Api_handler))
#4 C:\xampp\htdocs\guyubmoto\vendor\codeigniter4\framework\system\CodeIgniter.php(339): CodeIgniter\CodeIgniter->handleRequest(NULL, Object(Config\Cache), false)
#5 C:\xampp\htdocs\guyubmoto\public\index.php(36): CodeIgniter\CodeIgniter->run()
#6 {main}
CRITICAL - 2021-06-04 06:45:47 --> http_build_query(): Argument #1 ($data) must be of type array, string given
#0 C:\xampp\htdocs\guyubmoto\app\Libraries\Curl_api.php(115): http_build_query('')
#1 C:\xampp\htdocs\guyubmoto\app\Controllers\Curl\Api_handler.php(68): App\Libraries\Curl_api->exec()
#2 C:\xampp\htdocs\guyubmoto\vendor\codeigniter4\framework\system\CodeIgniter.php(931): App\Controllers\Curl\Api_handler->post()
#3 C:\xampp\htdocs\guyubmoto\vendor\codeigniter4\framework\system\CodeIgniter.php(439): CodeIgniter\CodeIgniter->runController(Object(App\Controllers\Curl\Api_handler))
#4 C:\xampp\htdocs\guyubmoto\vendor\codeigniter4\framework\system\CodeIgniter.php(339): CodeIgniter\CodeIgniter->handleRequest(NULL, Object(Config\Cache), false)
#5 C:\xampp\htdocs\guyubmoto\public\index.php(36): CodeIgniter\CodeIgniter->run()
#6 {main}
CRITICAL - 2021-06-04 06:45:55 --> http_build_query(): Argument #1 ($data) must be of type array, string given
#0 C:\xampp\htdocs\guyubmoto\app\Libraries\Curl_api.php(115): http_build_query('')
#1 C:\xampp\htdocs\guyubmoto\app\Controllers\Curl\Api_handler.php(68): App\Libraries\Curl_api->exec()
#2 C:\xampp\htdocs\guyubmoto\vendor\codeigniter4\framework\system\CodeIgniter.php(931): App\Controllers\Curl\Api_handler->post()
#3 C:\xampp\htdocs\guyubmoto\vendor\codeigniter4\framework\system\CodeIgniter.php(439): CodeIgniter\CodeIgniter->runController(Object(App\Controllers\Curl\Api_handler))
#4 C:\xampp\htdocs\guyubmoto\vendor\codeigniter4\framework\system\CodeIgniter.php(339): CodeIgniter\CodeIgniter->handleRequest(NULL, Object(Config\Cache), false)
#5 C:\xampp\htdocs\guyubmoto\public\index.php(36): CodeIgniter\CodeIgniter->run()
#6 {main}
CRITICAL - 2021-06-04 06:48:10 --> http_build_query(): Argument #1 ($data) must be of type array, string given
#0 C:\xampp\htdocs\guyubmoto\app\Libraries\Curl_api.php(115): http_build_query('')
#1 C:\xampp\htdocs\guyubmoto\app\Controllers\Curl\Api_handler.php(68): App\Libraries\Curl_api->exec()
#2 C:\xampp\htdocs\guyubmoto\vendor\codeigniter4\framework\system\CodeIgniter.php(931): App\Controllers\Curl\Api_handler->post()
#3 C:\xampp\htdocs\guyubmoto\vendor\codeigniter4\framework\system\CodeIgniter.php(439): CodeIgniter\CodeIgniter->runController(Object(App\Controllers\Curl\Api_handler))
#4 C:\xampp\htdocs\guyubmoto\vendor\codeigniter4\framework\system\CodeIgniter.php(339): CodeIgniter\CodeIgniter->handleRequest(NULL, Object(Config\Cache), false)
#5 C:\xampp\htdocs\guyubmoto\public\index.php(36): CodeIgniter\CodeIgniter->run()
#6 {main}
CRITICAL - 2021-06-04 06:48:22 --> http_build_query(): Argument #1 ($data) must be of type array, string given
#0 C:\xampp\htdocs\guyubmoto\app\Libraries\Curl_api.php(115): http_build_query('')
#1 C:\xampp\htdocs\guyubmoto\app\Controllers\Curl\Api_handler.php(68): App\Libraries\Curl_api->exec()
#2 C:\xampp\htdocs\guyubmoto\vendor\codeigniter4\framework\system\CodeIgniter.php(931): App\Controllers\Curl\Api_handler->post()
#3 C:\xampp\htdocs\guyubmoto\vendor\codeigniter4\framework\system\CodeIgniter.php(439): CodeIgniter\CodeIgniter->runController(Object(App\Controllers\Curl\Api_handler))
#4 C:\xampp\htdocs\guyubmoto\vendor\codeigniter4\framework\system\CodeIgniter.php(339): CodeIgniter\CodeIgniter->handleRequest(NULL, Object(Config\Cache), false)
#5 C:\xampp\htdocs\guyubmoto\public\index.php(36): CodeIgniter\CodeIgniter->run()
#6 {main}
CRITICAL - 2021-06-04 06:48:30 --> http_build_query(): Argument #1 ($data) must be of type array, string given
#0 C:\xampp\htdocs\guyubmoto\app\Libraries\Curl_api.php(115): http_build_query('')
#1 C:\xampp\htdocs\guyubmoto\app\Controllers\Curl\Api_handler.php(68): App\Libraries\Curl_api->exec()
#2 C:\xampp\htdocs\guyubmoto\vendor\codeigniter4\framework\system\CodeIgniter.php(931): App\Controllers\Curl\Api_handler->post()
#3 C:\xampp\htdocs\guyubmoto\vendor\codeigniter4\framework\system\CodeIgniter.php(439): CodeIgniter\CodeIgniter->runController(Object(App\Controllers\Curl\Api_handler))
#4 C:\xampp\htdocs\guyubmoto\vendor\codeigniter4\framework\system\CodeIgniter.php(339): CodeIgniter\CodeIgniter->handleRequest(NULL, Object(Config\Cache), false)
#5 C:\xampp\htdocs\guyubmoto\public\index.php(36): CodeIgniter\CodeIgniter->run()
#6 {main}
CRITICAL - 2021-06-04 06:49:17 --> http_build_query(): Argument #1 ($data) must be of type array, string given
#0 C:\xampp\htdocs\guyubmoto\app\Libraries\Curl_api.php(115): http_build_query('')
#1 C:\xampp\htdocs\guyubmoto\app\Controllers\Curl\Api_handler.php(68): App\Libraries\Curl_api->exec()
#2 C:\xampp\htdocs\guyubmoto\vendor\codeigniter4\framework\system\CodeIgniter.php(931): App\Controllers\Curl\Api_handler->post()
#3 C:\xampp\htdocs\guyubmoto\vendor\codeigniter4\framework\system\CodeIgniter.php(439): CodeIgniter\CodeIgniter->runController(Object(App\Controllers\Curl\Api_handler))
#4 C:\xampp\htdocs\guyubmoto\vendor\codeigniter4\framework\system\CodeIgniter.php(339): CodeIgniter\CodeIgniter->handleRequest(NULL, Object(Config\Cache), false)
#5 C:\xampp\htdocs\guyubmoto\public\index.php(36): CodeIgniter\CodeIgniter->run()
#6 {main}
CRITICAL - 2021-06-04 06:49:24 --> http_build_query(): Argument #1 ($data) must be of type array, string given
#0 C:\xampp\htdocs\guyubmoto\app\Libraries\Curl_api.php(115): http_build_query('')
#1 C:\xampp\htdocs\guyubmoto\app\Controllers\Curl\Api_handler.php(68): App\Libraries\Curl_api->exec()
#2 C:\xampp\htdocs\guyubmoto\vendor\codeigniter4\framework\system\CodeIgniter.php(931): App\Controllers\Curl\Api_handler->post()
#3 C:\xampp\htdocs\guyubmoto\vendor\codeigniter4\framework\system\CodeIgniter.php(439): CodeIgniter\CodeIgniter->runController(Object(App\Controllers\Curl\Api_handler))
#4 C:\xampp\htdocs\guyubmoto\vendor\codeigniter4\framework\system\CodeIgniter.php(339): CodeIgniter\CodeIgniter->handleRequest(NULL, Object(Config\Cache), false)
#5 C:\xampp\htdocs\guyubmoto\public\index.php(36): CodeIgniter\CodeIgniter->run()
#6 {main}
CRITICAL - 2021-06-04 06:50:00 --> http_build_query(): Argument #1 ($data) must be of type array, string given
#0 C:\xampp\htdocs\guyubmoto\app\Libraries\Curl_api.php(115): http_build_query('')
#1 C:\xampp\htdocs\guyubmoto\app\Controllers\Curl\Api_handler.php(68): App\Libraries\Curl_api->exec()
#2 C:\xampp\htdocs\guyubmoto\vendor\codeigniter4\framework\system\CodeIgniter.php(931): App\Controllers\Curl\Api_handler->post()
#3 C:\xampp\htdocs\guyubmoto\vendor\codeigniter4\framework\system\CodeIgniter.php(439): CodeIgniter\CodeIgniter->runController(Object(App\Controllers\Curl\Api_handler))
#4 C:\xampp\htdocs\guyubmoto\vendor\codeigniter4\framework\system\CodeIgniter.php(339): CodeIgniter\CodeIgniter->handleRequest(NULL, Object(Config\Cache), false)
#5 C:\xampp\htdocs\guyubmoto\public\index.php(36): CodeIgniter\CodeIgniter->run()
#6 {main}
CRITICAL - 2021-06-04 06:50:09 --> http_build_query(): Argument #1 ($data) must be of type array, string given
#0 C:\xampp\htdocs\guyubmoto\app\Libraries\Curl_api.php(115): http_build_query('')
#1 C:\xampp\htdocs\guyubmoto\app\Controllers\Curl\Api_handler.php(68): App\Libraries\Curl_api->exec()
#2 C:\xampp\htdocs\guyubmoto\vendor\codeigniter4\framework\system\CodeIgniter.php(931): App\Controllers\Curl\Api_handler->post()
#3 C:\xampp\htdocs\guyubmoto\vendor\codeigniter4\framework\system\CodeIgniter.php(439): CodeIgniter\CodeIgniter->runController(Object(App\Controllers\Curl\Api_handler))
#4 C:\xampp\htdocs\guyubmoto\vendor\codeigniter4\framework\system\CodeIgniter.php(339): CodeIgniter\CodeIgniter->handleRequest(NULL, Object(Config\Cache), false)
#5 C:\xampp\htdocs\guyubmoto\public\index.php(36): CodeIgniter\CodeIgniter->run()
#6 {main}
CRITICAL - 2021-06-04 06:50:43 --> http_build_query(): Argument #1 ($data) must be of type array, string given
#0 C:\xampp\htdocs\guyubmoto\app\Libraries\Curl_api.php(115): http_build_query('')
#1 C:\xampp\htdocs\guyubmoto\app\Controllers\Curl\Api_handler.php(68): App\Libraries\Curl_api->exec()
#2 C:\xampp\htdocs\guyubmoto\vendor\codeigniter4\framework\system\CodeIgniter.php(931): App\Controllers\Curl\Api_handler->post()
#3 C:\xampp\htdocs\guyubmoto\vendor\codeigniter4\framework\system\CodeIgniter.php(439): CodeIgniter\CodeIgniter->runController(Object(App\Controllers\Curl\Api_handler))
#4 C:\xampp\htdocs\guyubmoto\vendor\codeigniter4\framework\system\CodeIgniter.php(339): CodeIgniter\CodeIgniter->handleRequest(NULL, Object(Config\Cache), false)
#5 C:\xampp\htdocs\guyubmoto\public\index.php(36): CodeIgniter\CodeIgniter->run()
#6 {main}
CRITICAL - 2021-06-04 06:51:06 --> http_build_query(): Argument #1 ($data) must be of type array, string given
#0 C:\xampp\htdocs\guyubmoto\app\Libraries\Curl_api.php(115): http_build_query('')
#1 C:\xampp\htdocs\guyubmoto\app\Controllers\Curl\Api_handler.php(68): App\Libraries\Curl_api->exec()
#2 C:\xampp\htdocs\guyubmoto\vendor\codeigniter4\framework\system\CodeIgniter.php(931): App\Controllers\Curl\Api_handler->post()
#3 C:\xampp\htdocs\guyubmoto\vendor\codeigniter4\framework\system\CodeIgniter.php(439): CodeIgniter\CodeIgniter->runController(Object(App\Controllers\Curl\Api_handler))
#4 C:\xampp\htdocs\guyubmoto\vendor\codeigniter4\framework\system\CodeIgniter.php(339): CodeIgniter\CodeIgniter->handleRequest(NULL, Object(Config\Cache), false)
#5 C:\xampp\htdocs\guyubmoto\public\index.php(36): CodeIgniter\CodeIgniter->run()
#6 {main}
CRITICAL - 2021-06-04 06:51:11 --> http_build_query(): Argument #1 ($data) must be of type array, string given
#0 C:\xampp\htdocs\guyubmoto\app\Libraries\Curl_api.php(115): http_build_query('')
#1 C:\xampp\htdocs\guyubmoto\app\Controllers\Curl\Api_handler.php(68): App\Libraries\Curl_api->exec()
#2 C:\xampp\htdocs\guyubmoto\vendor\codeigniter4\framework\system\CodeIgniter.php(931): App\Controllers\Curl\Api_handler->post()
#3 C:\xampp\htdocs\guyubmoto\vendor\codeigniter4\framework\system\CodeIgniter.php(439): CodeIgniter\CodeIgniter->runController(Object(App\Controllers\Curl\Api_handler))
#4 C:\xampp\htdocs\guyubmoto\vendor\codeigniter4\framework\system\CodeIgniter.php(339): CodeIgniter\CodeIgniter->handleRequest(NULL, Object(Config\Cache), false)
#5 C:\xampp\htdocs\guyubmoto\public\index.php(36): CodeIgniter\CodeIgniter->run()
#6 {main}
CRITICAL - 2021-06-04 06:52:15 --> http_build_query(): Argument #1 ($data) must be of type array, string given
#0 C:\xampp\htdocs\guyubmoto\app\Libraries\Curl_api.php(115): http_build_query('')
#1 C:\xampp\htdocs\guyubmoto\app\Controllers\Curl\Api_handler.php(68): App\Libraries\Curl_api->exec()
#2 C:\xampp\htdocs\guyubmoto\vendor\codeigniter4\framework\system\CodeIgniter.php(931): App\Controllers\Curl\Api_handler->post()
#3 C:\xampp\htdocs\guyubmoto\vendor\codeigniter4\framework\system\CodeIgniter.php(439): CodeIgniter\CodeIgniter->runController(Object(App\Controllers\Curl\Api_handler))
#4 C:\xampp\htdocs\guyubmoto\vendor\codeigniter4\framework\system\CodeIgniter.php(339): CodeIgniter\CodeIgniter->handleRequest(NULL, Object(Config\Cache), false)
#5 C:\xampp\htdocs\guyubmoto\public\index.php(36): CodeIgniter\CodeIgniter->run()
#6 {main}
CRITICAL - 2021-06-04 09:44:02 --> Invalid file: Family/photography.php
#0 C:\xampp\htdocs\guyubmoto\vendor\codeigniter4\framework\system\View\View.php(213): CodeIgniter\Exceptions\FrameworkException::forInvalidFile('Family/photogra...')
#1 C:\xampp\htdocs\guyubmoto\vendor\codeigniter4\framework\system\Common.php(1250): CodeIgniter\View\View->render('Family/photogra...', Array, true)
#2 C:\xampp\htdocs\guyubmoto\app\Helpers\fire_helper.php(15): view('Family/photogra...', Array)
#3 C:\xampp\htdocs\guyubmoto\app\Controllers\Family.php(22): deployView(Array, Array)
#4 C:\xampp\htdocs\guyubmoto\vendor\codeigniter4\framework\system\CodeIgniter.php(931): App\Controllers\Family->myworks('photography')
#5 C:\xampp\htdocs\guyubmoto\vendor\codeigniter4\framework\system\CodeIgniter.php(439): CodeIgniter\CodeIgniter->runController(Object(App\Controllers\Family))
#6 C:\xampp\htdocs\guyubmoto\vendor\codeigniter4\framework\system\CodeIgniter.php(339): CodeIgniter\CodeIgniter->handleRequest(NULL, Object(Config\Cache), false)
#7 C:\xampp\htdocs\guyubmoto\public\index.php(36): CodeIgniter\CodeIgniter->run()
#8 {main}
CRITICAL - 2021-06-04 09:44:08 --> Call to undefined function App\Controllers\show_404()
#0 C:\xampp\htdocs\guyubmoto\vendor\codeigniter4\framework\system\CodeIgniter.php(931): App\Controllers\Family->myworks('photographyy')
#1 C:\xampp\htdocs\guyubmoto\vendor\codeigniter4\framework\system\CodeIgniter.php(439): CodeIgniter\CodeIgniter->runController(Object(App\Controllers\Family))
#2 C:\xampp\htdocs\guyubmoto\vendor\codeigniter4\framework\system\CodeIgniter.php(339): CodeIgniter\CodeIgniter->handleRequest(NULL, Object(Config\Cache), false)
#3 C:\xampp\htdocs\guyubmoto\public\index.php(36): CodeIgniter\CodeIgniter->run()
#4 {main}
CRITICAL - 2021-06-04 09:49:38 --> 'break' not in the 'loop' or 'switch' context
#0 [internal function]: CodeIgniter\Debug\Exceptions->shutdownHandler()
#1 {main}
CRITICAL - 2021-06-04 09:50:17 --> Invalid file: Family/photography.php
#0 C:\xampp\htdocs\guyubmoto\vendor\codeigniter4\framework\system\View\View.php(213): CodeIgniter\Exceptions\FrameworkException::forInvalidFile('Family/photogra...')
#1 C:\xampp\htdocs\guyubmoto\vendor\codeigniter4\framework\system\Common.php(1250): CodeIgniter\View\View->render('Family/photogra...', Array, true)
#2 C:\xampp\htdocs\guyubmoto\app\Helpers\fire_helper.php(15): view('Family/photogra...', Array)
#3 C:\xampp\htdocs\guyubmoto\app\Controllers\Family.php(22): deployView(Array, Array)
#4 C:\xampp\htdocs\guyubmoto\vendor\codeigniter4\framework\system\CodeIgniter.php(931): App\Controllers\Family->myworks('photography')
#5 C:\xampp\htdocs\guyubmoto\vendor\codeigniter4\framework\system\CodeIgniter.php(439): CodeIgniter\CodeIgniter->runController(Object(App\Controllers\Family))
#6 C:\xampp\htdocs\guyubmoto\vendor\codeigniter4\framework\system\CodeIgniter.php(339): CodeIgniter\CodeIgniter->handleRequest(NULL, Object(Config\Cache), false)
#7 C:\xampp\htdocs\guyubmoto\public\index.php(36): CodeIgniter\CodeIgniter->run()
#8 {main}
CRITICAL - 2021-06-04 23:37:47 --> Undefined array key "data"
#0 C:\xampp\htdocs\guyubmoto\app\Controllers\Auth.php(22): CodeIgniter\Debug\Exceptions->errorHandler(2, 'Undefined array...', 'C:\\xampp\\htdocs...', 22)
#1 C:\xampp\htdocs\guyubmoto\vendor\codeigniter4\framework\system\CodeIgniter.php(931): App\Controllers\Auth->redirect()
#2 C:\xampp\htdocs\guyubmoto\vendor\codeigniter4\framework\system\CodeIgniter.php(439): CodeIgniter\CodeIgniter->runController(Object(App\Controllers\Auth))
#3 C:\xampp\htdocs\guyubmoto\vendor\codeigniter4\framework\system\CodeIgniter.php(339): CodeIgniter\CodeIgniter->handleRequest(NULL, Object(Config\Cache), false)
#4 C:\xampp\htdocs\guyubmoto\public\index.php(36): CodeIgniter\CodeIgniter->run()
#5 {main}
CRITICAL - 2021-06-04 23:38:35 --> Undefined array key "data"
#0 C:\xampp\htdocs\guyubmoto\app\Controllers\Auth.php(22): CodeIgniter\Debug\Exceptions->errorHandler(2, 'Undefined array...', 'C:\\xampp\\htdocs...', 22)
#1 C:\xampp\htdocs\guyubmoto\vendor\codeigniter4\framework\system\CodeIgniter.php(931): App\Controllers\Auth->redirect()
#2 C:\xampp\htdocs\guyubmoto\vendor\codeigniter4\framework\system\CodeIgniter.php(439): CodeIgniter\CodeIgniter->runController(Object(App\Controllers\Auth))
#3 C:\xampp\htdocs\guyubmoto\vendor\codeigniter4\framework\system\CodeIgniter.php(339): CodeIgniter\CodeIgniter->handleRequest(NULL, Object(Config\Cache), false)
#4 C:\xampp\htdocs\guyubmoto\public\index.php(36): CodeIgniter\CodeIgniter->run()
#5 {main}
